app/build/intermediates/manifest_merge_blame_file/debug/manifest-merger-blame-debug-report.txt
1<?xml version="1.0" encoding="utf-8"?>
2<manifest xmlns:android="http://schemas.android.com/apk/res/android"
3    package="com.example.aaa"
4    android:versionCode="1"
5    android:versionName="1.0" >
6
7    <uses-sdk
8        android:minSdkVersion="24"
8-->src\main\AndroidManifest.xml
9        android:targetSdkVersion="30" />
9-->src\main\AndroidManifest.xml
10
11    <!-- Although the *SdkVersion is captured in gradle build files, this is required for non gradle builds -->
12    <!-- <uses-sdk android:minSdkVersion="14"/> -->
13    <uses-permission android:name="android.permission.ACCESS_NETWORK_STATE" />
13-->[com.google.firebase:firebase-database:19.3.1] AndroidManifest.xml:25:5-79
13-->[com.google.firebase:firebase-database:19.3.1] AndroidManifest.xml:25:22-76
14    <uses-permission android:name="android.permission.INTERNET" />
14-->[com.google.firebase:firebase-database:19.3.1] AndroidManifest.xml:26:5-67
14-->[com.google.firebase:firebase-database:19.3.1] AndroidManifest.xml:26:22-64
15    <uses-permission android:name="android.permission.WAKE_LOCK" />
15-->[com.google.android.gms:play-services-measurement:17.4.4] AndroidManifest.xml:25:5-68
15-->[com.google.android.gms:play-services-measurement:17.4.4] AndroidManifest.xml:25:22-65
16    <uses-permission android:name="com.google.android.finsky.permission.BIND_GET_INSTALL_REFERRER_SERVICE" />
16-->[com.google.android.gms:play-services-measurement:17.4.4] AndroidManifest.xml:26:5-110
16-->[com.google.android.gms:play-services-measurement:17.4.4] AndroidManifest.xml:26:22-107
17
18    <application
18-->src\main\AndroidManifest.xml:5:5-38:19
19        android:allowBackup="true"
19-->src\main\AndroidManifest.xml:6:9-35
20        android:appComponentFactory="androidx.core.app.CoreComponentFactory"
20-->[androidx.core:core:1.3.0] AndroidManifest.xml:24:18-86
21        android:debuggable="true"
22        android:extractNativeLibs="false"
23        android:icon="@mipmap/ic_launcher"
23-->src\main\AndroidManifest.xml:7:9-43
24        android:label="@string/app_name"
24-->src\main\AndroidManifest.xml:8:9-41
25        android:roundIcon="@mipmap/ic_launcher_round"
25-->src\main\AndroidManifest.xml:9:9-54
26        android:supportsRtl="true"
26-->src\main\AndroidManifest.xml:10:9-35
27        android:testOnly="true"
28        android:theme="@style/AppTheme" >
28-->src\main\AndroidManifest.xml:11:9-40
29        <activity android:name="com.example.aaa.pleasework" />
29-->src\main\AndroidManifest.xml:12:9-48
29-->src\main\AndroidManifest.xml:12:19-45
30        <activity android:name="com.example.aaa.More_Details" />
30-->src\main\AndroidManifest.xml:13:9-50
30-->src\main\AndroidManifest.xml:13:19-47
31        <activity android:name="com.example.aaa.CardsPage" />
31-->src\main\AndroidManifest.xml:14:9-47
31-->src\main\AndroidManifest.xml:14:19-44
32        <activity android:name="com.example.aaa.SectionsPage" />
32-->src\main\AndroidManifest.xml:15:9-50
32-->src\main\AndroidManifest.xml:15:19-47
33        <activity android:name="com.example.aaa.create_wallet" />
33-->src\main\AndroidManifest.xml:16:9-51
33-->src\main\AndroidManifest.xml:16:19-48
34        <activity android:name="com.example.aaa.my_wallets" />
34-->src\main\AndroidManifest.xml:17:9-48
34-->src\main\AndroidManifest.xml:17:19-45
35        <activity android:name="com.example.aaa.SettingsPage" />
35-->src\main\AndroidManifest.xml:18:9-50
35-->src\main\AndroidManifest.xml:18:19-47
36        <activity android:name="com.example.aaa.ContactPage" />
36-->src\main\AndroidManifest.xml:19:9-49
36-->src\main\AndroidManifest.xml:19:19-46
37        <activity android:name="com.example.aaa.CalendarPage" />
37-->src\main\AndroidManifest.xml:20:9-50
37-->src\main\AndroidManifest.xml:20:19-47
38        <activity android:name="com.example.aaa.AccountPage" />
38-->src\main\AndroidManifest.xml:21:9-49
38-->src\main\AndroidManifest.xml:21:19-46
39        <activity
39-->src\main\AndroidManifest.xml:22:9-24:59
40            android:name="com.example.aaa.MainPage"
40-->src\main\AndroidManifest.xml:23:13-37
41            android:theme="@style/AppTheme.NoActionBar" />
41-->src\main\AndroidManifest.xml:24:13-56
42        <activity android:name="com.example.aaa.sign_in" />
42-->src\main\AndroidManifest.xml:25:9-45
42-->src\main\AndroidManifest.xml:25:19-42
43        <activity android:name="com.example.aaa.sign_up" />
43-->src\main\AndroidManifest.xml:26:9-45
43-->src\main\AndroidManifest.xml:26:19-42
44        <activity android:name="com.example.aaa.Sign" />
44-->src\main\AndroidManifest.xml:27:9-42
44-->src\main\AndroidManifest.xml:27:19-39
45        <activity android:name="com.example.aaa.guide3" />
45-->src\main\AndroidManifest.xml:28:9-44
45-->src\main\AndroidManifest.xml:28:19-41
46        <activity android:name="com.example.aaa.guide2" />
46-->src\main\AndroidManifest.xml:29:9-44
46-->src\main\AndroidManifest.xml:29:19-41
47        <activity android:name="com.example.aaa.guide1" />
47-->src\main\AndroidManifest.xml:30:9-44
47-->src\main\AndroidManifest.xml:30:19-41
48        <activity android:name="com.example.aaa.splash_screen" >
48-->src\main\AndroidManifest.xml:31:9-37:20
48-->src\main\AndroidManifest.xml:31:19-48
49            <intent-filter>
49-->src\main\AndroidManifest.xml:32:13-36:29
50                <action android:name="android.intent.action.MAIN" />
50-->src\main\AndroidManifest.xml:33:17-69
50-->src\main\AndroidManifest.xml:33:25-66
51
52                <category android:name="android.intent.category.LAUNCHER" />
52-->src\main\AndroidManifest.xml:35:17-77
52-->src\main\AndroidManifest.xml:35:27-74
53            </intent-filter>
54        </activity>
55
56        <service
56-->[com.google.firebase:firebase-database:19.3.1] AndroidManifest.xml:29:9-35:19
57            android:name="com.google.firebase.components.ComponentDiscoveryService"
57-->[com.google.firebase:firebase-database:19.3.1] AndroidManifest.xml:30:13-84
58            android:directBootAware="true"
58-->[com.google.firebase:firebase-common:19.3.0] AndroidManifest.xml:34:13-43
59            android:exported="false" >
59-->[com.google.firebase:firebase-database:19.3.1] AndroidManifest.xml:31:13-37
60            <meta-data
60-->[com.google.firebase:firebase-database:19.3.1] AndroidManifest.xml:32:13-34:85
61                android:name="com.google.firebase.components:com.google.firebase.database.DatabaseRegistrar"
61-->[com.google.firebase:firebase-database:19.3.1] AndroidManifest.xml:33:17-109
62                android:value="com.google.firebase.components.ComponentRegistrar" />
62-->[com.google.firebase:firebase-database:19.3.1] AndroidManifest.xml:34:17-82
63            <meta-data
63-->[com.google.firebase:firebase-auth:19.3.2] AndroidManifest.xml:36:13-38:85
64                android:name="com.google.firebase.components:com.google.firebase.auth.FirebaseAuthRegistrar"
64-->[com.google.firebase:firebase-auth:19.3.2] AndroidManifest.xml:37:17-109
65                android:value="com.google.firebase.components.ComponentRegistrar" />
65-->[com.google.firebase:firebase-auth:19.3.2] AndroidManifest.xml:38:17-82
66            <meta-data
66-->[com.google.android.gms:play-services-measurement-api:17.4.4] AndroidManifest.xml:30:13-32:85
67                android:name="com.google.firebase.components:com.google.firebase.analytics.connector.internal.AnalyticsConnectorRegistrar"
67-->[com.google.android.gms:play-services-measurement-api:17.4.4] AndroidManifest.xml:31:17-139
68                android:value="com.google.firebase.components.ComponentRegistrar" />
68-->[com.google.android.gms:play-services-measurement-api:17.4.4] AndroidManifest.xml:32:17-82
69            <meta-data
69-->[com.google.firebase:firebase-installations:16.3.2] AndroidManifest.xml:17:13-19:85
70                android:name="com.google.firebase.components:com.google.firebase.installations.FirebaseInstallationsRegistrar"
70-->[com.google.firebase:firebase-installations:16.3.2] AndroidManifest.xml:18:17-127
71                android:value="com.google.firebase.components.ComponentRegistrar" />
71-->[com.google.firebase:firebase-installations:16.3.2] AndroidManifest.xml:19:17-82
72        </service>
73
74        <activity
74-->[com.google.firebase:firebase-auth:19.3.2] AndroidManifest.xml:24:9-31:50
75            android:name="com.google.firebase.auth.internal.FederatedSignInActivity"
75-->[com.google.firebase:firebase-auth:19.3.2] AndroidManifest.xml:25:13-85
76            android:excludeFromRecents="true"
76-->[com.google.firebase:firebase-auth:19.3.2] AndroidManifest.xml:26:13-46
77            android:exported="true"
77-->[com.google.firebase:firebase-auth:19.3.2] AndroidManifest.xml:27:13-36
78            android:launchMode="singleTask"
78-->[com.google.firebase:firebase-auth:19.3.2] AndroidManifest.xml:28:13-44
79            android:permission="com.google.firebase.auth.api.gms.permission.LAUNCH_FEDERATED_SIGN_IN"
79-->[com.google.firebase:firebase-auth:19.3.2] AndroidManifest.xml:29:13-102
80            android:theme="@android:style/Theme.Translucent.NoTitleBar" />
80-->[com.google.firebase:firebase-auth:19.3.2] AndroidManifest.xml:30:13-72
81
82        <receiver
82-->[com.google.android.gms:play-services-measurement:17.4.4] AndroidManifest.xml:29:9-33:20
83            android:name="com.google.android.gms.measurement.AppMeasurementReceiver"
83-->[com.google.android.gms:play-services-measurement:17.4.4] AndroidManifest.xml:30:13-85
84            android:enabled="true"
84-->[com.google.android.gms:play-services-measurement:17.4.4] AndroidManifest.xml:31:13-35
85            android:exported="false" >
85-->[com.google.android.gms:play-services-measurement:17.4.4] AndroidManifest.xml:32:13-37
86        </receiver>
87
88        <service
88-->[com.google.android.gms:play-services-measurement:17.4.4] AndroidManifest.xml:35:9-38:40
89            android:name="com.google.android.gms.measurement.AppMeasurementService"
89-->[com.google.android.gms:play-services-measurement:17.4.4] AndroidManifest.xml:36:13-84
90            android:enabled="true"
90-->[com.google.android.gms:play-services-measurement:17.4.4] AndroidManifest.xml:37:13-35
91            android:exported="false" />
91-->[com.google.android.gms:play-services-measurement:17.4.4] AndroidManifest.xml:38:13-37
92        <service
92-->[com.google.android.gms:play-services-measurement:17.4.4] AndroidManifest.xml:39:9-43:72
93            android:name="com.google.android.gms.measurement.AppMeasurementJobService"
93-->[com.google.android.gms:play-services-measurement:17.4.4] AndroidManifest.xml:40:13-87
94            android:enabled="true"
94-->[com.google.android.gms:play-services-measurement:17.4.4] AndroidManifest.xml:41:13-35
95            android:exported="false"
95-->[com.google.android.gms:play-services-measurement:17.4.4] AndroidManifest.xml:42:13-37
96            android:permission="android.permission.BIND_JOB_SERVICE" />
96-->[com.google.android.gms:play-services-measurement:17.4.4] AndroidManifest.xml:43:13-69
97
98        <provider
98-->[com.google.firebase:firebase-common:19.3.0] AndroidManifest.xml:26:9-30:39
99            android:name="com.google.firebase.provider.FirebaseInitProvider"
99-->[com.google.firebase:firebase-common:19.3.0] AndroidManifest.xml:27:13-77
100            android:authorities="com.example.aaa.firebaseinitprovider"
100-->[com.google.firebase:firebase-common:19.3.0] AndroidManifest.xml:28:13-72
101            android:exported="false"
101-->[com.google.firebase:firebase-common:19.3.0] AndroidManifest.xml:29:13-37
102            android:initOrder="100" />
102-->[com.google.firebase:firebase-common:19.3.0] AndroidManifest.xml:30:13-36
103
104        <activity
104-->[com.google.android.gms:play-services-base:17.1.0] AndroidManifest.xml:23:9-26:75
105            android:name="com.google.android.gms.common.api.GoogleApiActivity"
105-->[com.google.android.gms:play-services-base:17.1.0] AndroidManifest.xml:24:13-79
106            android:exported="false"
106-->[com.google.android.gms:play-services-base:17.1.0] AndroidManifest.xml:25:13-37
107            android:theme="@android:style/Theme.Translucent.NoTitleBar" />
107-->[com.google.android.gms:play-services-base:17.1.0] AndroidManifest.xml:26:13-72
108
109        <meta-data
109-->[com.google.android.gms:play-services-basement:17.0.0] AndroidManifest.xml:23:9-25:69
110            android:name="com.google.android.gms.version"
110-->[com.google.android.gms:play-services-basement:17.0.0] AndroidManifest.xml:24:13-58
111            android:value="@integer/google_play_services_version" />
111-->[com.google.android.gms:play-services-basement:17.0.0] AndroidManifest.xml:25:13-66
112
113        <provider
113-->[androidx.lifecycle:lifecycle-process:2.2.0] AndroidManifest.xml:25:9-29:43
114            android:name="androidx.lifecycle.ProcessLifecycleOwnerInitializer"
114-->[androidx.lifecycle:lifecycle-process:2.2.0] AndroidManifest.xml:26:13-79
115            android:authorities="com.example.aaa.lifecycle-process"
115-->[androidx.lifecycle:lifecycle-process:2.2.0] AndroidManifest.xml:27:13-69
116            android:exported="false"
116-->[androidx.lifecycle:lifecycle-process:2.2.0] AndroidManifest.xml:28:13-37
117            android:multiprocess="true" />
117-->[androidx.lifecycle:lifecycle-process:2.2.0] AndroidManifest.xml:29:13-40
118    </application>
119
120</manifest>